SF:lib/features/nutrition/domain/entities/meal_analysis.dart
DA:9,2
DA:18,1
DA:26,1
DA:27,1
DA:28,1
DA:29,1
DA:30,1
DA:31,1
DA:32,1
DA:44,1
DA:52,1
DA:59,1
DA:60,0
DA:61,1
DA:62,1
DA:63,1
DA:64,1
LF:17
LH:16
end_of_record
SF:lib/features/nutrition/data/models/meal_analysis_model.dart
DA:10,1
DA:18,1
DA:19,1
DA:20,1
DA:21,2
DA:22,2
DA:23,2
DA:24,2
DA:28,0
DA:29,0
DA:30,0
DA:31,0
DA:32,0
DA:33,0
DA:36,0
DA:37,0
DA:38,0
DA:39,0
DA:40,0
DA:41,0
DA:53,1
DA:62,1
DA:63,1
DA:64,1
DA:66,3
DA:67,1
DA:68,2
DA:69,2
DA:70,2
DA:71,2
DA:72,1
DA:73,2
DA:74,1
DA:75,0
DA:79,2
DA:80,3
DA:81,1
DA:82,1
DA:83,1
DA:84,1
DA:85,1
DA:88,2
DA:89,3
DA:90,1
DA:91,1
DA:92,1
DA:93,1
DA:94,1
LF:48
LH:35
end_of_record
SF:lib/features/coach/domain/entities/session_state.dart
DA:13,2
DA:21,5
DA:23,2
DA:24,12
DA:26,2
DA:32,2
DA:33,2
DA:34,2
DA:35,2
DA:36,2
DA:37,2
LF:11
LH:11
end_of_record
SF:lib/features/offline/domain/entities/day_plan.dart
DA:10,1
LF:1
LH:1
end_of_record
SF:lib/features/offline/domain/entities/exercise.dart
DA:9,1
LF:1
LH:1
end_of_record
SF:lib/features/coach/presentation/providers/coach_provider.dart
DA:12,0
DA:13,0
DA:16,0
DA:18,2
DA:19,1
DA:24,1
DA:27,1
DA:28,1
DA:29,2
DA:33,3
DA:38,0
DA:39,0
DA:42,0
DA:44,0
DA:47,0
DA:50,0
DA:51,0
DA:52,0
DA:53,0
DA:54,0
DA:56,0
DA:57,0
DA:58,0
DA:60,0
DA:65,0
DA:66,0
DA:69,0
DA:70,0
DA:72,0
DA:74,0
DA:79,1
DA:80,1
DA:82,1
DA:84,1
DA:85,2
DA:87,0
DA:91,1
DA:92,1
DA:94,3
DA:97,0
DA:98,0
DA:101,0
DA:102,0
DA:105,0
DA:107,0
DA:109,0
DA:113,0
DA:114,0
DA:115,0
LF:49
LH:15
end_of_record
SF:lib/features/coach/data/repositories/coach_repository_mock.dart
DA:7,0
DA:9,0
DA:10,0
LF:3
LH:0
end_of_record
SF:lib/features/coach/domain/entities/session_feedback.dart
DA:7,0
LF:1
LH:0
end_of_record
SF:lib/features/offline/domain/entities/week_plan.dart
DA:8,2
LF:1
LH:1
end_of_record
SF:lib/shared/screens/dev_home_screen.dart
DA:8,1
DA:10,1
DA:12,1
DA:13,1
DA:14,1
DA:15,1
DA:17,1
DA:23,1
DA:26,0
DA:29,1
DA:32,0
DA:35,1
DA:38,0
DA:68,0
LF:14
LH:10
end_of_record
SF:lib/features/nutrition/data/repositories/nutrition_repository_mock.dart
DA:6,1
DA:11,1
LF:2
LH:2
end_of_record
SF:lib/features/nutrition/presentation/providers/nutrition_provider.dart
DA:6,3
DA:7,0
DA:11,1
DA:14,1
DA:15,1
DA:16,3
DA:17,3
DA:18,1
DA:22,0
DA:23,0
DA:25,0
DA:28,1
DA:29,1
DA:33,2
DA:34,1
LF:15
LH:11
end_of_record
SF:lib/features/offline/data/repositories/offline_repository_mock.dart
DA:9,2
DA:11,1
DA:13,1
DA:15,1
DA:16,1
DA:17,1
DA:18,2
DA:23,1
DA:24,1
DA:25,1
DA:30,2
DA:96,1
DA:99,1
DA:101,2
DA:103,1
DA:104,1
LF:16
LH:16
end_of_record
